2025-07-05T19:32:46.557+05:30  INFO 25288 --- [Employee_Management_System] [main] c.e.e.EmployeeManagmentSystemApplication : Starting EmployeeManagmentSystemApplication using Java 21.0.7 with PID 25288 (B:\Intelli J Project\demo\target\classes started by ashut in B:\Intelli J Project\demo)
2025-07-05T19:32:46.565+05:30  INFO 25288 --- [Employee_Management_System] [main] c.e.e.EmployeeManagmentSystemApplication : No active profile set, falling back to 1 default profile: "default"
2025-07-05T19:32:47.282+05:30  INFO 25288 --- [Employee_Management_System] [main] .s.d.r.c.RepositoryConfigurationDelegate : Bootstrapping Spring Data JPA repositories in DEFAULT mode.
2025-07-05T19:32:47.346+05:30  INFO 25288 --- [Employee_Management_System] [main] .s.d.r.c.RepositoryConfigurationDelegate : Finished Spring Data repository scanning in 57 ms. Found 5 JPA repository interfaces.
2025-07-05T19:32:48.041+05:30  INFO 25288 --- [Employee_Management_System] [main] o.s.b.w.e.t.TomcatWebServer              : Tomcat initialized with port 8080 (http)
2025-07-05T19:32:48.056+05:30  INFO 25288 --- [Employee_Management_System] [main] o.a.c.c.StandardService                  : Starting service [Tomcat]
2025-07-05T19:32:48.056+05:30  INFO 25288 --- [Employee_Management_System] [main] o.a.c.c.StandardEngine                   : Starting Servlet engine: [Apache Tomcat/10.1.30]
2025-07-05T19:32:48.107+05:30  INFO 25288 --- [Employee_Management_System] [main] o.a.c.c.C.[.[.[/]                        : Initializing Spring embedded WebApplicationContext
2025-07-05T19:32:48.109+05:30  INFO 25288 --- [Employee_Management_System] [main] w.s.c.ServletWebServerApplicationContext : Root WebApplicationContext: initialization completed in 1498 ms
2025-07-05T19:32:48.311+05:30  INFO 25288 --- [Employee_Management_System] [main] o.h.j.i.u.LogHelper                      : HHH000204: Processing PersistenceUnitInfo [name: default]
2025-07-05T19:32:48.372+05:30  INFO 25288 --- [Employee_Management_System] [main] o.h.Version                              : HHH000412: Hibernate ORM core version 6.5.3.Final
2025-07-05T19:32:48.401+05:30  INFO 25288 --- [Employee_Management_System] [main] o.h.c.i.RegionFactoryInitiator           : HHH000026: Second-level cache disabled
2025-07-05T19:32:48.680+05:30  INFO 25288 --- [Employee_Management_System] [main] o.s.o.j.p.SpringPersistenceUnitInfo      : No LoadTimeWeaver setup: ignoring JPA class transformer
2025-07-05T19:32:48.711+05:30  INFO 25288 --- [Employee_Management_System] [main] c.z.h.HikariDataSource                   : HikariPool-1 - Starting...
2025-07-05T19:32:49.033+05:30  INFO 25288 --- [Employee_Management_System] [main] c.z.h.p.HikariPool                       : HikariPool-1 - Added connection com.mysql.cj.jdbc.ConnectionImpl@69ab2d6a
2025-07-05T19:32:49.036+05:30  INFO 25288 --- [Employee_Management_System] [main] c.z.h.HikariDataSource                   : HikariPool-1 - Start completed.
2025-07-05T19:32:49.988+05:30  INFO 25288 --- [Employee_Management_System] [main] o.h.e.t.j.p.i.JtaPlatformInitiator       : HHH000489: No JTA platform available (set 'hibernate.transaction.jta.platform' to enable JTA platform integration)
2025-07-05T19:32:50.077+05:30  INFO 25288 --- [Employee_Management_System] [main] j.LocalContainerEntityManagerFactoryBean : Initialized JPA EntityManagerFactory for persistence unit 'default'
2025-07-05T19:32:50.626+05:30  INFO 25288 --- [Employee_Management_System] [main] o.s.d.j.r.q.QueryEnhancerFactory         : Hibernate is in classpath; If applicable, HQL parser will be used.
2025-07-05T19:32:51.380+05:30  WARN 25288 --- [Employee_Management_System] [main] JpaBaseConfiguration$JpaWebConfiguration : spring.jpa.open-in-view is enabled by default. Therefore, database queries may be performed during view rendering. Explicitly configure spring.jpa.open-in-view to disable this warning
2025-07-05T19:32:51.430+05:30  INFO 25288 --- [Employee_Management_System] [main] eAuthenticationProviderManagerConfigurer : Global AuthenticationManager configured with AuthenticationProvider bean with name authenticationProvider
2025-07-05T19:32:51.431+05:30  WARN 25288 --- [Employee_Management_System] [main] r$InitializeUserDetailsManagerConfigurer : Global AuthenticationManager configured with an AuthenticationProvider bean. UserDetailsService beans will not be used for username/password login. Consider removing the AuthenticationProvider bean. Alternatively, consider using the UserDetailsService in a manually instantiated DaoAuthenticationProvider.
2025-07-05T19:32:52.332+05:30  INFO 25288 --- [Employee_Management_System] [main] o.s.b.w.e.t.TomcatWebServer              : Tomcat started on port 8080 (http) with context path '/'
2025-07-05T19:32:52.339+05:30  INFO 25288 --- [Employee_Management_System] [main] c.e.e.EmployeeManagmentSystemApplication : Started EmployeeManagmentSystemApplication in 6.238 seconds (process running for 6.945)
2025-07-05T19:33:03.525+05:30  INFO 25288 --- [Employee_Management_System] [http-nio-8080-exec-1] o.a.c.c.C.[.[.[/]                        : Initializing Spring DispatcherServlet 'dispatcherServlet'
2025-07-05T19:33:03.526+05:30  INFO 25288 --- [Employee_Management_System] [http-nio-8080-exec-1] o.s.w.s.DispatcherServlet                : Initializing Servlet 'dispatcherServlet'
2025-07-05T19:33:03.527+05:30  INFO 25288 --- [Employee_Management_System] [http-nio-8080-exec-1] o.s.w.s.DispatcherServlet                : Completed initialization in 1 ms
2025-07-05T19:33:03.572+05:30  INFO 25288 --- [Employee_Management_System] [http-nio-8080-exec-2] c.e.e.a.RequestLoggingFilter             : Incoming Request: [GET] /login
2025-07-05T19:33:03.592+05:30  INFO 25288 --- [Employee_Management_System] [http-nio-8080-exec-2] c.e.e.C.AuthController                   : Login page requested
2025-07-05T19:33:09.048+05:30  INFO 25288 --- [Employee_Management_System] [http-nio-8080-exec-5] c.e.e.a.RequestLoggingFilter             : Incoming Request: [GET] /user/home
2025-07-05T19:33:11.344+05:30  INFO 25288 --- [Employee_Management_System] [http-nio-8080-exec-3] c.e.e.a.RequestLoggingFilter             : Incoming Request: [GET] /user/View/AssignedRegulation
2025-07-05T19:33:11.379+05:30  INFO 25288 --- [Employee_Management_System] [http-nio-8080-exec-3] c.e.e.S.EmployeesService                 : Fetched 3 employees.
2025-07-05T19:37:18.472+05:30  INFO 28812 --- [Employee_Management_System] [main] c.e.e.EmployeeManagmentSystemApplication : Starting EmployeeManagmentSystemApplication using Java 21.0.7 with PID 28812 (B:\Intelli J Project\demo\target\classes started by ashut in B:\Intelli J Project\demo)
2025-07-05T19:37:18.480+05:30  INFO 28812 --- [Employee_Management_System] [main] c.e.e.EmployeeManagmentSystemApplication : No active profile set, falling back to 1 default profile: "default"
2025-07-05T19:37:19.117+05:30  INFO 28812 --- [Employee_Management_System] [main] .s.d.r.c.RepositoryConfigurationDelegate : Bootstrapping Spring Data JPA repositories in DEFAULT mode.
2025-07-05T19:37:19.184+05:30  INFO 28812 --- [Employee_Management_System] [main] .s.d.r.c.RepositoryConfigurationDelegate : Finished Spring Data repository scanning in 60 ms. Found 5 JPA repository interfaces.
2025-07-05T19:37:19.900+05:30  INFO 28812 --- [Employee_Management_System] [main] o.s.b.w.e.t.TomcatWebServer              : Tomcat initialized with port 8080 (http)
2025-07-05T19:37:19.915+05:30  INFO 28812 --- [Employee_Management_System] [main] o.a.c.c.StandardService                  : Starting service [Tomcat]
2025-07-05T19:37:19.915+05:30  INFO 28812 --- [Employee_Management_System] [main] o.a.c.c.StandardEngine                   : Starting Servlet engine: [Apache Tomcat/10.1.30]
2025-07-05T19:37:19.965+05:30  INFO 28812 --- [Employee_Management_System] [main] o.a.c.c.C.[.[.[/]                        : Initializing Spring embedded WebApplicationContext
2025-07-05T19:37:19.966+05:30  INFO 28812 --- [Employee_Management_System] [main] w.s.c.ServletWebServerApplicationContext : Root WebApplicationContext: initialization completed in 1450 ms
2025-07-05T19:37:20.173+05:30  INFO 28812 --- [Employee_Management_System] [main] o.h.j.i.u.LogHelper                      : HHH000204: Processing PersistenceUnitInfo [name: default]
2025-07-05T19:37:20.235+05:30  INFO 28812 --- [Employee_Management_System] [main] o.h.Version                              : HHH000412: Hibernate ORM core version 6.5.3.Final
2025-07-05T19:37:20.265+05:30  INFO 28812 --- [Employee_Management_System] [main] o.h.c.i.RegionFactoryInitiator           : HHH000026: Second-level cache disabled
2025-07-05T19:37:20.536+05:30  INFO 28812 --- [Employee_Management_System] [main] o.s.o.j.p.SpringPersistenceUnitInfo      : No LoadTimeWeaver setup: ignoring JPA class transformer
2025-07-05T19:37:20.566+05:30  INFO 28812 --- [Employee_Management_System] [main] c.z.h.HikariDataSource                   : HikariPool-1 - Starting...
2025-07-05T19:37:20.944+05:30  INFO 28812 --- [Employee_Management_System] [main] c.z.h.p.HikariPool                       : HikariPool-1 - Added connection com.mysql.cj.jdbc.ConnectionImpl@36a1fd20
2025-07-05T19:37:20.945+05:30  INFO 28812 --- [Employee_Management_System] [main] c.z.h.HikariDataSource                   : HikariPool-1 - Start completed.
2025-07-05T19:37:21.908+05:30  INFO 28812 --- [Employee_Management_System] [main] o.h.e.t.j.p.i.JtaPlatformInitiator       : HHH000489: No JTA platform available (set 'hibernate.transaction.jta.platform' to enable JTA platform integration)
2025-07-05T19:37:22.369+05:30  INFO 28812 --- [Employee_Management_System] [main] j.LocalContainerEntityManagerFactoryBean : Initialized JPA EntityManagerFactory for persistence unit 'default'
2025-07-05T19:37:22.910+05:30  INFO 28812 --- [Employee_Management_System] [main] o.s.d.j.r.q.QueryEnhancerFactory         : Hibernate is in classpath; If applicable, HQL parser will be used.
2025-07-05T19:37:23.697+05:30  WARN 28812 --- [Employee_Management_System] [main] JpaBaseConfiguration$JpaWebConfiguration : spring.jpa.open-in-view is enabled by default. Therefore, database queries may be performed during view rendering. Explicitly configure spring.jpa.open-in-view to disable this warning
2025-07-05T19:37:23.753+05:30  INFO 28812 --- [Employee_Management_System] [main] eAuthenticationProviderManagerConfigurer : Global AuthenticationManager configured with AuthenticationProvider bean with name authenticationProvider
2025-07-05T19:37:23.753+05:30  WARN 28812 --- [Employee_Management_System] [main] r$InitializeUserDetailsManagerConfigurer : Global AuthenticationManager configured with an AuthenticationProvider bean. UserDetailsService beans will not be used for username/password login. Consider removing the AuthenticationProvider bean. Alternatively, consider using the UserDetailsService in a manually instantiated DaoAuthenticationProvider.
2025-07-05T19:37:24.661+05:30  INFO 28812 --- [Employee_Management_System] [main] o.s.b.w.e.t.TomcatWebServer              : Tomcat started on port 8080 (http) with context path '/'
2025-07-05T19:37:24.670+05:30  INFO 28812 --- [Employee_Management_System] [main] c.e.e.EmployeeManagmentSystemApplication : Started EmployeeManagmentSystemApplication in 6.604 seconds (process running for 7.295)
2025-07-05T19:39:39.635+05:30  INFO 28812 --- [Employee_Management_System] [http-nio-8080-exec-1] o.a.c.c.C.[.[.[/]                        : Initializing Spring DispatcherServlet 'dispatcherServlet'
2025-07-05T19:39:39.636+05:30  INFO 28812 --- [Employee_Management_System] [http-nio-8080-exec-1] o.s.w.s.DispatcherServlet                : Initializing Servlet 'dispatcherServlet'
2025-07-05T19:39:39.637+05:30  INFO 28812 --- [Employee_Management_System] [http-nio-8080-exec-1] o.s.w.s.DispatcherServlet                : Completed initialization in 1 ms
2025-07-05T19:39:39.684+05:30  INFO 28812 --- [Employee_Management_System] [http-nio-8080-exec-4] c.e.e.a.RequestLoggingFilter             : Incoming Request: [GET] /login
2025-07-05T19:39:39.698+05:30  INFO 28812 --- [Employee_Management_System] [http-nio-8080-exec-4] c.e.e.C.AuthController                   : Login page requested
2025-07-05T19:39:45.617+05:30  INFO 28812 --- [Employee_Management_System] [http-nio-8080-exec-2] c.e.e.a.RequestLoggingFilter             : Incoming Request: [GET] /user/home
2025-07-05T19:40:13.495+05:30  INFO 28812 --- [Employee_Management_System] [http-nio-8080-exec-7] c.e.e.a.RequestLoggingFilter             : Incoming Request: [GET] /user/View/AssignedRegulation
2025-07-05T19:40:13.531+05:30  INFO 28812 --- [Employee_Management_System] [http-nio-8080-exec-7] c.e.e.S.EmployeesService                 : Fetched 3 employees.
2025-07-05T19:41:41.186+05:30  INFO 28812 --- [Employee_Management_System] [http-nio-8080-exec-5] c.e.e.a.RequestLoggingFilter             : Incoming Request: [GET] /user/userViewAssignedRegulation
2025-07-05T19:41:41.202+05:30  INFO 28812 --- [Employee_Management_System] [http-nio-8080-exec-5] c.e.e.S.EmployeesService                 : Employee found with ID: 4
2025-07-05T19:42:26.983+05:30  INFO 28812 --- [Employee_Management_System] [http-nio-8080-exec-8] c.e.e.a.RequestLoggingFilter             : Incoming Request: [GET] /user/previousStatusReport/1/4
2025-07-05T19:42:27.013+05:30  INFO 28812 --- [Employee_Management_System] [http-nio-8080-exec-8] c.e.e.S.EmployeesService                 : Employee found with ID: 4
2025-07-05T19:42:27.016+05:30  INFO 28812 --- [Employee_Management_System] [http-nio-8080-exec-8] c.e.e.S.ComplianceService                : Compliance found with ID: 1
